time="2022-08-15T18:42:29+03:00" level=info msg="create router" func="main.main()" file="main.go : 16"
time="2022-08-15T18:42:29+03:00" level=info msg="register new user handler" func="main.main()" file="main.go : 19"
time="2022-08-15T18:42:29+03:00" level=info msg="start application" func="main.start()" file="main.go : 29"
time="2022-08-15T18:42:29+03:00" level=info msg="server is listening port 1234" func="main.start()" file="main.go : 41"
time="2022-08-15T19:50:17+03:00" level=info msg="create router" func="main.main()" file="main.go : 21"
time="2022-08-15T19:50:17+03:00" level=info msg="register new user handler" func="main.main()" file="main.go : 24"
time="2022-08-15T19:50:17+03:00" level=info msg="start application" func="main.start()" file="main.go : 34"
time="2022-08-15T19:50:17+03:00" level=info msg="server is listening port 1234" func="main.start()" file="main.go : 46"
time="2022-08-16T13:00:13+03:00" level=info msg="create router" func="main.main()" file="main.go : 21"
time="2022-08-16T13:00:13+03:00" level=info msg="register new user handler" func="main.main()" file="main.go : 24"
time="2022-08-16T13:00:13+03:00" level=info msg="start application" func="main.start()" file="main.go : 34"
time="2022-08-16T13:00:13+03:00" level=info msg="server is listening port 1234" func="main.start()" file="main.go : 46"
time="2022-08-16T13:01:39+03:00" level=info msg="create router" func="main.main()" file="main.go : 21"
time="2022-08-16T13:01:39+03:00" level=info msg="register new user handler" func="main.main()" file="main.go : 24"
time="2022-08-16T13:01:39+03:00" level=info msg="start application" func="main.start()" file="main.go : 34"
time="2022-08-16T13:01:39+03:00" level=info msg="server is listening port 1234" func="main.start()" file="main.go : 46"
time="2022-08-16T13:04:11+03:00" level=info msg="initializing .env file" func="rest-api-test/internal/config.GetConfig.func1()" file="config.go : 25"
time="2022-08-16T13:04:49+03:00" level=info msg="initializing .env file" func="rest-api-test/internal/config.GetConfig.func1()" file="config.go : 25"
time="2022-08-16T13:06:35+03:00" level=info msg="initializing .env file" func="rest-api-test/internal/config.GetConfig.func1()" file="config.go : 25"
time="2022-08-16T13:06:35+03:00" level=info msg=8080 func="rest-api-test/internal/config.GetConfig.func1()" file="config.go : 30"
time="2022-08-16T13:07:43+03:00" level=info msg="initializing .env file" func="rest-api-test/internal/config.GetConfig.func1()" file="config.go : 25"
time="2022-08-16T13:07:43+03:00" level=info msg="create router" func="main.main()" file="main.go : 19"
time="2022-08-16T13:07:43+03:00" level=info msg="register new user handler" func="main.main()" file="main.go : 22"
time="2022-08-16T13:07:43+03:00" level=info msg="start application" func="main.start()" file="main.go : 32"
time="2022-08-16T13:07:43+03:00" level=info msg="server is listening port 1234" func="main.start()" file="main.go : 44"
time="2022-08-16T13:08:47+03:00" level=info msg="initializing .env file" func="rest-api-test/internal/config.GetConfig.func1()" file="config.go : 25"
time="2022-08-16T13:08:47+03:00" level=info msg="create router" func="main.main()" file="main.go : 19"
time="2022-08-16T13:08:47+03:00" level=info msg="register new user handler" func="main.main()" file="main.go : 22"
time="2022-08-16T13:08:47+03:00" level=info msg="start application" func="main.start()" file="main.go : 32"
time="2022-08-16T13:09:05+03:00" level=info msg="initializing .env file" func="rest-api-test/internal/config.GetConfig.func1()" file="config.go : 25"
time="2022-08-16T13:09:05+03:00" level=info msg="create router" func="main.main()" file="main.go : 19"
time="2022-08-16T13:09:05+03:00" level=info msg="register new user handler" func="main.main()" file="main.go : 22"
time="2022-08-16T13:09:05+03:00" level=info msg="start application" func="main.start()" file="main.go : 32"
time="2022-08-16T13:09:05+03:00" level=info msg="server is listening port 1234" func="main.start()" file="main.go : 44"
time="2022-08-16T13:09:34+03:00" level=info msg="initializing .env file" func="rest-api-test/internal/config.GetConfig.func1()" file="config.go : 25"
time="2022-08-16T13:09:34+03:00" level=info msg="create router" func="main.main()" file="main.go : 19"
time="2022-08-16T13:09:34+03:00" level=info msg="register new user handler" func="main.main()" file="main.go : 22"
time="2022-08-16T13:09:34+03:00" level=info msg="start application" func="main.start()" file="main.go : 32"
time="2022-08-16T13:09:34+03:00" level=info msg="server is listening port :8080" func="main.start()" file="main.go : 44"
time="2022-08-16T13:23:09+03:00" level=info msg="initializing .env file" func="rest-api-test/internal/config.GetConfig.func1()" file="config.go : 25"
time="2022-08-16T13:23:09+03:00" level=info msg="create router" func="main.main()" file="main.go : 19"
time="2022-08-16T13:23:09+03:00" level=info msg="register new user handler" func="main.main()" file="main.go : 22"
time="2022-08-16T13:23:09+03:00" level=info msg="start application" func="main.start()" file="main.go : 32"
time="2022-08-16T13:23:09+03:00" level=info msg="server is listening port :8080" func="main.start()" file="main.go : 44"
time="2022-08-16T13:33:57+03:00" level=info msg="initializing .env file" func="rest-api-test/internal/config.GetConfig.func1()" file="config.go : 27"
time="2022-08-16T13:33:57+03:00" level=info msg="create router" func="main.main()" file="main.go : 20"
time="2022-08-16T13:33:57+03:00" level=info msg="register new user handler" func="main.main()" file="main.go : 23"
time="2022-08-16T13:33:57+03:00" level=info msg="start application" func="main.start()" file="main.go : 33"
time="2022-08-16T13:33:57+03:00" level=info msg="server is listening address 0.0.0.0:8080" func="main.start()" file="main.go : 47"
time="2022-08-16T13:34:11+03:00" level=info msg="initializing .env file" func="rest-api-test/internal/config.GetConfig.func1()" file="config.go : 27"
time="2022-08-16T13:34:11+03:00" level=info msg="create router" func="main.main()" file="main.go : 20"
time="2022-08-16T13:34:11+03:00" level=info msg="register new user handler" func="main.main()" file="main.go : 23"
time="2022-08-16T13:34:11+03:00" level=info msg="start application" func="main.start()" file="main.go : 33"
time="2022-08-16T13:34:11+03:00" level=info msg="server is listening address 127.0.0.1:8080" func="main.start()" file="main.go : 47"
time="2022-08-16T13:35:48+03:00" level=info msg="initializing .env file" func="rest-api-test/internal/config.GetConfig.func1()" file="config.go : 27"
time="2022-08-16T13:35:48+03:00" level=info msg="create router" func="main.main()" file="main.go : 20"
time="2022-08-16T13:35:48+03:00" level=info msg="register new user handler" func="main.main()" file="main.go : 23"
time="2022-08-16T13:35:48+03:00" level=info msg="start application" func="main.start()" file="main.go : 33"
time="2022-08-16T13:35:48+03:00" level=info msg="server is listening address 0.0.0.0:8080" func="main.start()" file="main.go : 47"
time="2022-08-27T20:44:14+03:00" level=info msg="initializing .env file" func="rest-api-test/internal/config.GetConfig.func1()" file="config.go : 27"
time="2022-08-27T20:44:14+03:00" level=info msg="create router" func="main.main()" file="main.go : 23"
time="2022-08-27T20:44:15+03:00" level=info msg="register new user handler" func="main.main()" file="main.go : 37"
time="2022-08-27T20:44:15+03:00" level=info msg="start application" func="main.start()" file="main.go : 47"
time="2022-08-27T20:44:15+03:00" level=info msg="server is listening address 0.0.0.0:8080" func="main.start()" file="main.go : 61"
time="2022-08-27T20:46:06+03:00" level=info msg="initializing .env file" func="rest-api-test/internal/config.GetConfig.func1()" file="config.go : 27"
time="2022-08-27T20:46:06+03:00" level=info msg="create router" func="main.main()" file="main.go : 23"
time="2022-08-27T20:46:08+03:00" level=info msg="register new user handler" func="main.main()" file="main.go : 37"
time="2022-08-27T20:46:08+03:00" level=info msg="start application" func="main.start()" file="main.go : 47"
time="2022-08-27T20:46:08+03:00" level=info msg="server is listening address 0.0.0.0:8080" func="main.start()" file="main.go : 61"
time="2022-08-27T20:48:06+03:00" level=info msg="initializing .env file" func="rest-api-test/internal/config.GetConfig.func1()" file="config.go : 27"
time="2022-08-27T20:48:06+03:00" level=info msg="create router" func="main.main()" file="main.go : 23"
time="2022-08-27T20:48:07+03:00" level=info msg="{630a58d73cd6f77bf74baaef max 123 max@gmail.com}" func="main.main()" file="main.go : 45"
time="2022-08-27T20:48:07+03:00" level=info msg="register new user handler" func="main.main()" file="main.go : 47"
time="2022-08-27T20:48:07+03:00" level=info msg="start application" func="main.start()" file="main.go : 57"
time="2022-08-27T20:48:07+03:00" level=info msg="server is listening address 0.0.0.0:8080" func="main.start()" file="main.go : 71"
time="2022-09-02T14:28:52+03:00" level=info msg="initializing .env file" func="rest-api-test/internal/config.GetConfig.func1()" file="config.go : 27"
time="2022-09-02T14:28:52+03:00" level=info msg="create router" func="main.main()" file="main.go : 23"
time="2022-09-02T14:28:54+03:00" level=info msg="register new user handler" func="main.main()" file="main.go : 34"
time="2022-09-02T14:28:54+03:00" level=info msg="start application" func="main.start()" file="main.go : 44"
time="2022-09-02T14:28:54+03:00" level=info msg="server is listening address 0.0.0.0:8080" func="main.start()" file="main.go : 58"
time="2022-09-02T15:19:57+03:00" level=info msg="initializing .env file" func="rest-api-test/internal/config.GetConfig.func1()" file="config.go : 27"
time="2022-09-02T15:19:57+03:00" level=info msg="create router" func="main.main()" file="main.go : 23"
time="2022-09-02T15:19:58+03:00" level=info msg="register new user handler" func="main.main()" file="main.go : 34"
time="2022-09-02T15:19:58+03:00" level=info msg="start application" func="main.start()" file="main.go : 44"
time="2022-09-02T15:19:58+03:00" level=info msg="server is listening address 0.0.0.0:8080" func="main.start()" file="main.go : 58"
time="2022-09-02T15:20:29+03:00" level=info msg="initializing .env file" func="rest-api-test/internal/config.GetConfig.func1()" file="config.go : 27"
time="2022-09-02T15:20:29+03:00" level=info msg="create router" func="main.main()" file="main.go : 23"
time="2022-09-02T15:20:30+03:00" level=info msg="register new user handler" func="main.main()" file="main.go : 34"
time="2022-09-02T15:20:30+03:00" level=info msg="start application" func="main.start()" file="main.go : 44"
time="2022-09-02T15:20:30+03:00" level=info msg="server is listening address 0.0.0.0:1234" func="main.start()" file="main.go : 58"
time="2022-09-02T15:20:40+03:00" level=info msg="initializing .env file" func="rest-api-test/internal/config.GetConfig.func1()" file="config.go : 27"
time="2022-09-02T15:20:40+03:00" level=info msg="create router" func="main.main()" file="main.go : 23"
time="2022-09-02T15:20:40+03:00" level=info msg="register new user handler" func="main.main()" file="main.go : 34"
time="2022-09-02T15:20:40+03:00" level=info msg="start application" func="main.start()" file="main.go : 44"
time="2022-09-02T15:20:40+03:00" level=info msg="server is listening address 0.0.0.0:1234" func="main.start()" file="main.go : 58"
time="2022-09-02T15:24:17+03:00" level=info msg="initializing .env file" func="rest-api-test/internal/config.GetConfig.func1()" file="config.go : 27"
time="2022-09-02T15:24:17+03:00" level=info msg="create router" func="main.main()" file="main.go : 23"
time="2022-09-02T15:24:18+03:00" level=info msg="register new user handler" func="main.main()" file="main.go : 34"
time="2022-09-02T15:24:18+03:00" level=info msg="start application" func="main.start()" file="main.go : 44"
time="2022-09-02T15:24:18+03:00" level=info msg="server is listening address 0.0.0.0:1234" func="main.start()" file="main.go : 58"
time="2022-09-03T15:06:25+03:00" level=info msg="initializing .env file" func="rest-api-test/internal/config.GetConfig.func1()" file="config.go : 27"
time="2022-09-03T15:06:25+03:00" level=info msg="create router" func="main.main()" file="main.go : 23"
time="2022-09-03T15:06:27+03:00" level=info msg="register new user handler" func="main.main()" file="main.go : 34"
time="2022-09-03T15:06:27+03:00" level=info msg="start application" func="main.start()" file="main.go : 44"
time="2022-09-03T15:06:27+03:00" level=info msg="server is listening address 0.0.0.0:1234" func="main.start()" file="main.go : 58"
time="2022-09-03T15:09:12+03:00" level=info msg="initializing .env file" func="rest-api-test/internal/config.GetConfig.func1()" file="config.go : 27"
time="2022-09-03T15:09:12+03:00" level=info msg="create router" func="main.main()" file="main.go : 23"
time="2022-09-03T15:09:14+03:00" level=info msg="register new user handler" func="main.main()" file="main.go : 34"
time="2022-09-03T15:09:14+03:00" level=info msg="start application" func="main.start()" file="main.go : 44"
time="2022-09-03T15:09:14+03:00" level=info msg="server is listening address 0.0.0.0:1234" func="main.start()" file="main.go : 58"
time="2022-09-03T15:12:37+03:00" level=info msg="initializing .env file" func="rest-api-test/internal/config.GetConfig.func1()" file="config.go : 27"
time="2022-09-03T15:12:37+03:00" level=info msg="create router" func="main.main()" file="main.go : 23"
time="2022-09-03T15:12:39+03:00" level=info msg="register new user handler" func="main.main()" file="main.go : 34"
time="2022-09-03T15:12:39+03:00" level=info msg="start application" func="main.start()" file="main.go : 44"
time="2022-09-03T15:12:39+03:00" level=info msg="server is listening address 0.0.0.0:1234" func="main.start()" file="main.go : 58"
time="2022-09-03T15:47:00+03:00" level=info msg="initializing .yml file" func="rest-api-test/internal/config.GetConfig.func1()" file="config.go : 36"
time="2022-09-03T15:47:00+03:00" level=info msg="initializing .env file" func="rest-api-test/internal/config.GetConfig.func1()" file="config.go : 42"
time="2022-09-03T15:47:00+03:00" level=info msg="create router" func="main.main()" file="main.go : 23"
time="2022-09-03T15:47:01+03:00" level=info msg="register new user handler" func="main.main()" file="main.go : 34"
time="2022-09-03T15:47:01+03:00" level=info msg="start application" func="main.start()" file="main.go : 44"
time="2022-09-03T15:47:01+03:00" level=info msg="server is listening address 0.0.0.0:1234" func="main.start()" file="main.go : 58"
time="2022-09-03T15:49:34+03:00" level=info msg="initializing .yml file" func="rest-api-test/internal/config.GetConfig.func1()" file="config.go : 36"
time="2022-09-03T15:49:34+03:00" level=info msg="initializing .env file" func="rest-api-test/internal/config.GetConfig.func1()" file="config.go : 42"
time="2022-09-03T15:49:34+03:00" level=info msg="create router" func="main.main()" file="main.go : 23"
time="2022-09-03T15:49:35+03:00" level=info msg="register new user handler" func="main.main()" file="main.go : 34"
time="2022-09-03T15:49:35+03:00" level=info msg="start application" func="main.start()" file="main.go : 44"
time="2022-09-03T15:49:35+03:00" level=info msg="server is listening address 0.0.0.0:1234" func="main.start()" file="main.go : 58"
time="2022-09-03T16:30:05+03:00" level=info msg="initializing .yml file" func="rest-api-test/internal/config.GetConfig.func1()" file="config.go : 36"
time="2022-09-03T16:30:05+03:00" level=info msg="initializing .env file" func="rest-api-test/internal/config.GetConfig.func1()" file="config.go : 42"
time="2022-09-03T16:30:05+03:00" level=info msg="create router" func="main.main()" file="main.go : 24"
time="2022-09-03T16:30:07+03:00" level=info msg="register new user handler" func="main.main()" file="main.go : 36"
time="2022-09-03T16:30:07+03:00" level=info msg="start application" func="main.start()" file="main.go : 46"
time="2022-09-03T16:30:07+03:00" level=info msg="server is listening address 0.0.0.0:1234" func="main.start()" file="main.go : 60"
time="2022-09-03T16:36:33+03:00" level=info msg="initializing .yml file" func="rest-api-test/internal/config.GetConfig.func1()" file="config.go : 36"
time="2022-09-03T16:36:33+03:00" level=info msg="initializing .env file" func="rest-api-test/internal/config.GetConfig.func1()" file="config.go : 42"
time="2022-09-03T16:36:33+03:00" level=info msg="create router" func="main.main()" file="main.go : 24"
time="2022-09-03T16:36:33+03:00" level=info msg="initializing new redis client" func="main.main()" file="main.go : 27"
time="2022-09-03T16:36:33+03:00" level=info msg="initializing new mongo client" func="main.main()" file="main.go : 34"
time="2022-09-03T16:36:34+03:00" level=info msg="initializing new user storage" func="main.main()" file="main.go : 41"
time="2022-09-03T16:36:34+03:00" level=info msg="initializing new user service" func="main.main()" file="main.go : 44"
time="2022-09-03T16:36:34+03:00" level=info msg="register new user handler" func="main.main()" file="main.go : 47"
time="2022-09-03T16:36:34+03:00" level=info msg="start application" func="main.start()" file="main.go : 57"
time="2022-09-03T16:36:34+03:00" level=info msg="server is listening address 0.0.0.0:1234" func="main.start()" file="main.go : 71"
time="2022-09-03T16:38:07+03:00" level=info msg="initializing .yml file" func="rest-api-test/internal/config.GetConfig.func1()" file="config.go : 36"
time="2022-09-03T16:38:07+03:00" level=info msg="initializing .env file" func="rest-api-test/internal/config.GetConfig.func1()" file="config.go : 42"
time="2022-09-03T16:38:07+03:00" level=info msg="create router" func="main.main()" file="main.go : 24"
time="2022-09-03T16:38:07+03:00" level=info msg="initializing new redis client" func="main.main()" file="main.go : 27"
time="2022-09-03T16:39:43+03:00" level=info msg="initializing .yml file" func="rest-api-test/internal/config.GetConfig.func1()" file="config.go : 36"
time="2022-09-03T16:39:43+03:00" level=info msg="initializing .env file" func="rest-api-test/internal/config.GetConfig.func1()" file="config.go : 42"
time="2022-09-03T16:39:43+03:00" level=info msg="create router" func="main.main()" file="main.go : 24"
time="2022-09-03T16:39:43+03:00" level=info msg="initializing new redis client" func="main.main()" file="main.go : 27"
time="2022-09-03T16:39:43+03:00" level=fatal msg="failed to initialize redis client" func="main.main()" file="main.go : 30"
time="2022-09-03T16:40:12+03:00" level=info msg="initializing .yml file" func="rest-api-test/internal/config.GetConfig.func1()" file="config.go : 36"
time="2022-09-03T16:40:12+03:00" level=info msg="initializing .env file" func="rest-api-test/internal/config.GetConfig.func1()" file="config.go : 42"
time="2022-09-03T16:40:12+03:00" level=info msg="create router" func="main.main()" file="main.go : 24"
time="2022-09-03T16:40:12+03:00" level=info msg="initializing new redis client" func="main.main()" file="main.go : 27"
time="2022-09-03T16:40:12+03:00" level=fatal msg="failed to initialize redis client" func="main.main()" file="main.go : 30"
time="2022-09-03T16:40:28+03:00" level=info msg="initializing .yml file" func="rest-api-test/internal/config.GetConfig.func1()" file="config.go : 36"
time="2022-09-03T16:40:28+03:00" level=info msg="initializing .env file" func="rest-api-test/internal/config.GetConfig.func1()" file="config.go : 42"
time="2022-09-03T16:40:28+03:00" level=info msg="create router" func="main.main()" file="main.go : 24"
time="2022-09-03T16:40:28+03:00" level=info msg="initializing new redis client" func="main.main()" file="main.go : 27"
time="2022-09-03T16:40:29+03:00" level=fatal msg="failed to initialize redis client" func="main.main()" file="main.go : 30"
time="2022-09-03T16:41:36+03:00" level=info msg="initializing .yml file" func="rest-api-test/internal/config.GetConfig.func1()" file="config.go : 36"
time="2022-09-03T16:41:36+03:00" level=info msg="initializing .env file" func="rest-api-test/internal/config.GetConfig.func1()" file="config.go : 42"
time="2022-09-03T16:41:36+03:00" level=info msg="create router" func="main.main()" file="main.go : 24"
time="2022-09-03T16:41:36+03:00" level=info msg="initializing new redis client" func="main.main()" file="main.go : 27"
time="2022-09-03T16:41:36+03:00" level=info msg="initializing new mongo client" func="main.main()" file="main.go : 39"
time="2022-09-03T16:41:37+03:00" level=info msg="initializing new user storage" func="main.main()" file="main.go : 46"
time="2022-09-03T16:41:37+03:00" level=info msg="initializing new user service" func="main.main()" file="main.go : 49"
time="2022-09-03T16:41:37+03:00" level=info msg="register new user handler" func="main.main()" file="main.go : 52"
time="2022-09-03T16:41:37+03:00" level=info msg="start application" func="main.start()" file="main.go : 62"
time="2022-09-03T16:41:37+03:00" level=info msg="server is listening address 0.0.0.0:1234" func="main.start()" file="main.go : 76"
time="2022-09-03T16:59:50+03:00" level=info msg="initializing .yml file" func="rest-api-test/internal/config.GetConfig.func1()" file="config.go : 44"
time="2022-09-03T16:59:50+03:00" level=info msg="initializing .env file" func="rest-api-test/internal/config.GetConfig.func1()" file="config.go : 50"
time="2022-09-03T16:59:50+03:00" level=info msg="create router" func="main.main()" file="main.go : 24"
time="2022-09-03T16:59:50+03:00" level=info msg="initializing new redis client" func="main.main()" file="main.go : 27"
time="2022-09-03T16:59:50+03:00" level=info msg="initializing new mongo client" func="main.main()" file="main.go : 39"
time="2022-09-03T16:59:52+03:00" level=info msg="initializing new user storage" func="main.main()" file="main.go : 46"
time="2022-09-03T16:59:52+03:00" level=info msg="initializing new user service" func="main.main()" file="main.go : 49"
time="2022-09-03T16:59:52+03:00" level=info msg="register new user handler" func="main.main()" file="main.go : 52"
time="2022-09-03T16:59:52+03:00" level=info msg="start application" func="main.start()" file="main.go : 62"
time="2022-09-03T16:59:52+03:00" level=info msg="server is listening address 0.0.0.0:1234" func="main.start()" file="main.go : 76"
time="2022-09-03T17:02:13+03:00" level=info msg="initializing .yml file" func="rest-api-test/internal/config.GetConfig.func1()" file="config.go : 44"
time="2022-09-03T17:02:13+03:00" level=info msg="initializing .env file" func="rest-api-test/internal/config.GetConfig.func1()" file="config.go : 50"
time="2022-09-03T17:02:13+03:00" level=info msg="create router" func="main.main()" file="main.go : 24"
time="2022-09-03T17:02:13+03:00" level=info msg="initializing new redis client" func="main.main()" file="main.go : 27"
time="2022-09-03T17:02:13+03:00" level=info msg="initializing new mongo client" func="main.main()" file="main.go : 50"
time="2022-09-03T17:02:14+03:00" level=info msg="initializing new user storage" func="main.main()" file="main.go : 57"
time="2022-09-03T17:02:14+03:00" level=info msg="initializing new user service" func="main.main()" file="main.go : 60"
time="2022-09-03T17:02:14+03:00" level=info msg="register new user handler" func="main.main()" file="main.go : 63"
time="2022-09-03T17:02:14+03:00" level=info msg="start application" func="main.start()" file="main.go : 73"
time="2022-09-03T17:02:14+03:00" level=info msg="server is listening address 0.0.0.0:1234" func="main.start()" file="main.go : 87"
time="2022-09-03T19:21:09+03:00" level=info msg="initializing .yml file" func="rest-api-test/internal/config.GetConfig.func1()" file="config.go : 44"
time="2022-09-03T19:21:09+03:00" level=info msg="initializing .env file" func="rest-api-test/internal/config.GetConfig.func1()" file="config.go : 50"
time="2022-09-03T19:21:09+03:00" level=info msg="create router" func="main.main()" file="main.go : 25"
time="2022-09-03T19:21:09+03:00" level=info msg="initializing new redis client" func="main.main()" file="main.go : 28"
time="2022-09-03T19:21:09+03:00" level=fatal msg="failed to initialize redis client" func="main.main()" file="main.go : 31"
time="2022-09-03T19:21:24+03:00" level=info msg="initializing .yml file" func="rest-api-test/internal/config.GetConfig.func1()" file="config.go : 44"
time="2022-09-03T19:21:24+03:00" level=info msg="initializing .env file" func="rest-api-test/internal/config.GetConfig.func1()" file="config.go : 50"
time="2022-09-03T19:21:24+03:00" level=info msg="create router" func="main.main()" file="main.go : 25"
time="2022-09-03T19:21:24+03:00" level=info msg="initializing new redis client" func="main.main()" file="main.go : 28"
time="2022-09-03T19:21:24+03:00" level=info msg="initializing new mongo client" func="main.main()" file="main.go : 35"
time="2022-09-03T19:21:26+03:00" level=info msg="initializing new user storage" func="main.main()" file="main.go : 42"
time="2022-09-03T19:21:26+03:00" level=info msg="initializing new user cache" func="main.main()" file="main.go : 45"
time="2022-09-03T19:21:26+03:00" level=info msg="initializing new user service" func="main.main()" file="main.go : 48"
time="2022-09-03T19:21:26+03:00" level=info msg="register new user handler" func="main.main()" file="main.go : 51"
time="2022-09-03T19:21:26+03:00" level=info msg="start application" func="main.start()" file="main.go : 61"
time="2022-09-03T19:21:26+03:00" level=info msg="server is listening address 0.0.0.0:1234" func="main.start()" file="main.go : 75"
time="2022-10-01T23:29:11+03:00" level=info msg="initializing .yml file" func="rest-api-test/internal/config.GetConfig.func1()" file="config.go : 44"
time="2022-10-01T23:29:11+03:00" level=info msg="initializing .env file" func="rest-api-test/internal/config.GetConfig.func1()" file="config.go : 50"
time="2022-10-01T23:29:11+03:00" level=info msg="create router" func="main.main()" file="main.go : 23"
time="2022-10-01T23:29:11+03:00" level=info msg="initializing new mongo client" func="main.main()" file="main.go : 33"
time="2022-10-01T23:29:13+03:00" level=info msg="initializing new user storage" func="main.main()" file="main.go : 40"
time="2022-10-01T23:29:13+03:00" level=info msg="initializing new user cache" func="main.main()" file="main.go : 43"
time="2022-10-01T23:29:13+03:00" level=info msg="initializing new user service" func="main.main()" file="main.go : 46"
time="2022-10-01T23:29:13+03:00" level=info msg="register new user handler" func="main.main()" file="main.go : 49"
time="2022-10-01T23:29:13+03:00" level=info msg="start application" func="main.start()" file="main.go : 59"
time="2022-10-01T23:29:13+03:00" level=info msg="server is listening address 0.0.0.0:1234" func="main.start()" file="main.go : 73"
time="2022-10-02T16:35:20+03:00" level=info msg="initializing .yml file" func="rest-api-test/internal/config.GetConfig.func1()" file="config.go : 44"
time="2022-10-02T16:35:20+03:00" level=info msg="initializing .env file" func="rest-api-test/internal/config.GetConfig.func1()" file="config.go : 50"
time="2022-10-02T16:35:20+03:00" level=info msg="create router" func="main.main()" file="main.go : 23"
time="2022-10-02T16:35:20+03:00" level=info msg="initializing new mongo client" func="main.main()" file="main.go : 33"
time="2022-10-02T16:35:22+03:00" level=info msg="initializing new user storage" func="main.main()" file="main.go : 40"
time="2022-10-02T16:35:22+03:00" level=info msg="initializing new user cache" func="main.main()" file="main.go : 43"
time="2022-10-02T16:35:22+03:00" level=info msg="initializing new user service" func="main.main()" file="main.go : 46"
time="2022-10-02T16:35:22+03:00" level=info msg="register new user handler" func="main.main()" file="main.go : 49"
time="2022-10-02T16:35:22+03:00" level=info msg="start application" func="main.start()" file="main.go : 59"
time="2022-10-02T16:35:22+03:00" level=info msg="server is listening address 0.0.0.0:1234" func="main.start()" file="main.go : 73"
time="2022-10-02T16:36:46+03:00" level=info msg="initializing .yml file" func="rest-api-test/internal/config.GetConfig.func1()" file="config.go : 44"
time="2022-10-02T16:36:46+03:00" level=info msg="initializing .env file" func="rest-api-test/internal/config.GetConfig.func1()" file="config.go : 50"
time="2022-10-02T16:36:46+03:00" level=info msg="create router" func="main.main()" file="main.go : 23"
time="2022-10-02T16:36:46+03:00" level=info msg="initializing new mongo client" func="main.main()" file="main.go : 33"
time="2022-10-02T16:36:47+03:00" level=info msg="initializing new user storage" func="main.main()" file="main.go : 40"
time="2022-10-02T16:36:47+03:00" level=info msg="initializing new user cache" func="main.main()" file="main.go : 43"
time="2022-10-02T16:36:47+03:00" level=info msg="initializing new user service" func="main.main()" file="main.go : 46"
time="2022-10-02T16:36:47+03:00" level=info msg="register new user handler" func="main.main()" file="main.go : 49"
time="2022-10-02T16:37:13+03:00" level=info msg="initializing .yml file" func="rest-api-test/internal/config.GetConfig.func1()" file="config.go : 44"
time="2022-10-02T16:37:13+03:00" level=info msg="initializing .env file" func="rest-api-test/internal/config.GetConfig.func1()" file="config.go : 50"
time="2022-10-02T16:37:13+03:00" level=info msg="create router" func="main.main()" file="main.go : 23"
time="2022-10-02T16:37:13+03:00" level=info msg="initializing new mongo client" func="main.main()" file="main.go : 33"
time="2022-10-02T16:37:14+03:00" level=info msg="initializing new user storage" func="main.main()" file="main.go : 40"
time="2022-10-02T16:37:14+03:00" level=info msg="initializing new user cache" func="main.main()" file="main.go : 43"
time="2022-10-02T16:37:14+03:00" level=info msg="initializing new user service" func="main.main()" file="main.go : 46"
time="2022-10-02T16:37:14+03:00" level=info msg="register new user handler" func="main.main()" file="main.go : 49"
time="2022-10-02T16:37:14+03:00" level=info msg="start application" func="main.start()" file="main.go : 59"
time="2022-10-02T16:37:14+03:00" level=info msg="server is listening address 0.0.0.0:1234" func="main.start()" file="main.go : 73"
time="2022-10-02T16:39:30+03:00" level=info msg="initializing .yml file" func="rest-api-test/internal/config.GetConfig.func1()" file="config.go : 44"
time="2022-10-02T16:39:30+03:00" level=info msg="initializing .env file" func="rest-api-test/internal/config.GetConfig.func1()" file="config.go : 50"
time="2022-10-02T16:39:30+03:00" level=info msg="create router" func="main.main()" file="main.go : 23"
time="2022-10-02T16:39:30+03:00" level=info msg="initializing new mongo client" func="main.main()" file="main.go : 33"
time="2022-10-02T16:39:31+03:00" level=info msg="initializing new user storage" func="main.main()" file="main.go : 40"
time="2022-10-02T16:39:31+03:00" level=info msg="initializing new user cache" func="main.main()" file="main.go : 43"
time="2022-10-02T16:39:31+03:00" level=info msg="initializing new user service" func="main.main()" file="main.go : 46"
time="2022-10-02T16:39:31+03:00" level=info msg="register new user handler" func="main.main()" file="main.go : 49"
time="2022-10-02T16:39:31+03:00" level=info msg="start application" func="main.start()" file="main.go : 59"
time="2022-10-02T16:39:31+03:00" level=info msg="server is listening address 0.0.0.0:1234" func="main.start()" file="main.go : 73"
time="2022-10-02T16:39:46+03:00" level=info msg="initializing .yml file" func="rest-api-test/internal/config.GetConfig.func1()" file="config.go : 44"
time="2022-10-02T16:39:46+03:00" level=info msg="initializing .env file" func="rest-api-test/internal/config.GetConfig.func1()" file="config.go : 50"
time="2022-10-02T16:39:46+03:00" level=info msg="create router" func="main.main()" file="main.go : 23"
time="2022-10-02T16:39:46+03:00" level=info msg="initializing new mongo client" func="main.main()" file="main.go : 33"
time="2022-10-02T16:39:47+03:00" level=info msg="initializing new user storage" func="main.main()" file="main.go : 40"
time="2022-10-02T16:39:47+03:00" level=info msg="initializing new user cache" func="main.main()" file="main.go : 43"
time="2022-10-02T16:39:47+03:00" level=info msg="initializing new user service" func="main.main()" file="main.go : 46"
time="2022-10-02T16:39:47+03:00" level=info msg="register new user handler" func="main.main()" file="main.go : 49"
time="2022-10-02T16:39:47+03:00" level=info msg="start application" func="main.start()" file="main.go : 59"
time="2022-10-02T16:39:47+03:00" level=info msg="server is listening address 0.0.0.0:1234" func="main.start()" file="main.go : 73"
time="2022-10-02T16:41:43+03:00" level=info msg="initializing .yml file" func="rest-api-test/internal/config.GetConfig.func1()" file="config.go : 44"
time="2022-10-02T16:41:43+03:00" level=info msg="initializing .env file" func="rest-api-test/internal/config.GetConfig.func1()" file="config.go : 50"
time="2022-10-02T16:41:43+03:00" level=info msg="create router" func="main.main()" file="main.go : 23"
time="2022-10-02T16:41:43+03:00" level=info msg="initializing new mongo client" func="main.main()" file="main.go : 33"
time="2022-10-02T16:41:44+03:00" level=info msg="initializing new user storage" func="main.main()" file="main.go : 40"
time="2022-10-02T16:41:44+03:00" level=info msg="initializing new user cache" func="main.main()" file="main.go : 43"
time="2022-10-02T16:41:44+03:00" level=info msg="initializing new user service" func="main.main()" file="main.go : 46"
time="2022-10-02T16:41:44+03:00" level=info msg="register new user handler" func="main.main()" file="main.go : 49"
time="2022-10-02T16:41:44+03:00" level=info msg="start application" func="main.start()" file="main.go : 59"
time="2022-10-02T16:41:44+03:00" level=info msg="server is listening address 0.0.0.0:1234" func="main.start()" file="main.go : 73"
time="2022-10-02T16:41:49+03:00" level=info msg=error func="rest-api-test/internal/user.(*handler).InvoicePdf()" file="handler.go : 104"
time="2022-10-02T17:01:03+03:00" level=info msg="initializing .yml file" func="rest-api-test/internal/config.GetConfig.func1()" file="config.go : 44"
time="2022-10-02T17:01:03+03:00" level=info msg="initializing .env file" func="rest-api-test/internal/config.GetConfig.func1()" file="config.go : 50"
time="2022-10-02T17:01:03+03:00" level=info msg="create router" func="main.main()" file="main.go : 23"
time="2022-10-02T17:01:03+03:00" level=info msg="initializing new mongo client" func="main.main()" file="main.go : 33"
time="2022-10-02T17:01:04+03:00" level=info msg="initializing new user storage" func="main.main()" file="main.go : 40"
time="2022-10-02T17:01:04+03:00" level=info msg="initializing new user cache" func="main.main()" file="main.go : 43"
time="2022-10-02T17:01:04+03:00" level=info msg="initializing new user service" func="main.main()" file="main.go : 46"
time="2022-10-02T17:01:04+03:00" level=info msg="register new user handler" func="main.main()" file="main.go : 49"
time="2022-10-02T17:01:04+03:00" level=info msg="start application" func="main.start()" file="main.go : 59"
time="2022-10-02T17:01:04+03:00" level=info msg="server is listening address 0.0.0.0:1234" func="main.start()" file="main.go : 73"
time="2022-10-02T17:01:09+03:00" level=info msg=error func="rest-api-test/internal/user.(*handler).InvoicePdf()" file="handler.go : 103"
time="2022-10-02T17:01:26+03:00" level=info msg="initializing .yml file" func="rest-api-test/internal/config.GetConfig.func1()" file="config.go : 44"
time="2022-10-02T17:01:26+03:00" level=info msg="initializing .env file" func="rest-api-test/internal/config.GetConfig.func1()" file="config.go : 50"
time="2022-10-02T17:01:26+03:00" level=info msg="create router" func="main.main()" file="main.go : 23"
time="2022-10-02T17:01:26+03:00" level=info msg="initializing new mongo client" func="main.main()" file="main.go : 33"
time="2022-10-02T17:01:27+03:00" level=info msg="initializing new user storage" func="main.main()" file="main.go : 40"
time="2022-10-02T17:01:27+03:00" level=info msg="initializing new user cache" func="main.main()" file="main.go : 43"
time="2022-10-02T17:01:27+03:00" level=info msg="initializing new user service" func="main.main()" file="main.go : 46"
time="2022-10-02T17:01:27+03:00" level=info msg="register new user handler" func="main.main()" file="main.go : 49"
time="2022-10-02T17:01:27+03:00" level=info msg="start application" func="main.start()" file="main.go : 59"
time="2022-10-02T17:01:27+03:00" level=info msg="server is listening address 0.0.0.0:1234" func="main.start()" file="main.go : 73"
time="2022-10-02T17:06:05+03:00" level=info msg="initializing .yml file" func="rest-api-test/internal/config.GetConfig.func1()" file="config.go : 44"
time="2022-10-02T17:06:05+03:00" level=info msg="initializing .env file" func="rest-api-test/internal/config.GetConfig.func1()" file="config.go : 50"
time="2022-10-02T17:06:05+03:00" level=info msg="create router" func="main.main()" file="main.go : 23"
time="2022-10-02T17:06:05+03:00" level=info msg="initializing new mongo client" func="main.main()" file="main.go : 33"
time="2022-10-02T17:06:06+03:00" level=info msg="initializing new user storage" func="main.main()" file="main.go : 40"
time="2022-10-02T17:06:06+03:00" level=info msg="initializing new user cache" func="main.main()" file="main.go : 43"
time="2022-10-02T17:06:06+03:00" level=info msg="initializing new user service" func="main.main()" file="main.go : 46"
time="2022-10-02T17:06:06+03:00" level=info msg="register new user handler" func="main.main()" file="main.go : 49"
time="2022-10-02T17:06:06+03:00" level=info msg="start application" func="main.start()" file="main.go : 59"
time="2022-10-02T17:06:06+03:00" level=info msg="server is listening address 0.0.0.0:1234" func="main.start()" file="main.go : 73"
time="2022-10-02T17:06:13+03:00" level=info msg=error func="rest-api-test/internal/user.(*handler).InvoicePdf()" file="handler.go : 103"
time="2022-10-02T17:06:30+03:00" level=info msg=error func="rest-api-test/internal/user.(*handler).InvoicePdf()" file="handler.go : 103"
time="2022-10-02T17:06:58+03:00" level=info msg="initializing .yml file" func="rest-api-test/internal/config.GetConfig.func1()" file="config.go : 44"
time="2022-10-02T17:06:58+03:00" level=info msg="initializing .env file" func="rest-api-test/internal/config.GetConfig.func1()" file="config.go : 50"
time="2022-10-02T17:06:58+03:00" level=info msg="create router" func="main.main()" file="main.go : 23"
time="2022-10-02T17:06:58+03:00" level=info msg="initializing new mongo client" func="main.main()" file="main.go : 33"
time="2022-10-02T17:06:58+03:00" level=info msg="initializing new user storage" func="main.main()" file="main.go : 40"
time="2022-10-02T17:06:58+03:00" level=info msg="initializing new user cache" func="main.main()" file="main.go : 43"
time="2022-10-02T17:06:58+03:00" level=info msg="initializing new user service" func="main.main()" file="main.go : 46"
time="2022-10-02T17:06:58+03:00" level=info msg="register new user handler" func="main.main()" file="main.go : 49"
time="2022-10-02T17:06:58+03:00" level=info msg="start application" func="main.start()" file="main.go : 59"
time="2022-10-02T17:06:58+03:00" level=info msg="server is listening address 0.0.0.0:1234" func="main.start()" file="main.go : 73"
time="2022-10-02T17:07:07+03:00" level=info msg=error func="rest-api-test/internal/user.(*handler).InvoicePdf()" file="handler.go : 103"
time="2022-10-02T17:14:53+03:00" level=info msg="initializing .yml file" func="rest-api-test/internal/config.GetConfig.func1()" file="config.go : 44"
time="2022-10-02T17:14:53+03:00" level=info msg="initializing .env file" func="rest-api-test/internal/config.GetConfig.func1()" file="config.go : 50"
time="2022-10-02T17:14:53+03:00" level=info msg="create router" func="main.main()" file="main.go : 23"
time="2022-10-02T17:14:53+03:00" level=info msg="initializing new mongo client" func="main.main()" file="main.go : 33"
time="2022-10-02T17:14:55+03:00" level=info msg="initializing new user storage" func="main.main()" file="main.go : 40"
time="2022-10-02T17:14:55+03:00" level=info msg="initializing new user cache" func="main.main()" file="main.go : 43"
time="2022-10-02T17:14:55+03:00" level=info msg="initializing new user service" func="main.main()" file="main.go : 46"
time="2022-10-02T17:14:55+03:00" level=info msg="register new user handler" func="main.main()" file="main.go : 49"
time="2022-10-02T17:14:55+03:00" level=info msg="start application" func="main.start()" file="main.go : 59"
time="2022-10-02T17:14:55+03:00" level=info msg="server is listening address 0.0.0.0:1234" func="main.start()" file="main.go : 73"
time="2022-10-02T17:15:59+03:00" level=info msg="initializing .yml file" func="rest-api-test/internal/config.GetConfig.func1()" file="config.go : 44"
time="2022-10-02T17:15:59+03:00" level=info msg="initializing .env file" func="rest-api-test/internal/config.GetConfig.func1()" file="config.go : 50"
time="2022-10-02T17:15:59+03:00" level=info msg="create router" func="main.main()" file="main.go : 23"
time="2022-10-02T17:15:59+03:00" level=info msg="initializing new mongo client" func="main.main()" file="main.go : 33"
time="2022-10-02T17:16:01+03:00" level=info msg="initializing new user storage" func="main.main()" file="main.go : 40"
time="2022-10-02T17:16:01+03:00" level=info msg="initializing new user cache" func="main.main()" file="main.go : 43"
time="2022-10-02T17:16:01+03:00" level=info msg="initializing new user service" func="main.main()" file="main.go : 46"
time="2022-10-02T17:16:01+03:00" level=info msg="register new user handler" func="main.main()" file="main.go : 49"
time="2022-10-02T17:16:01+03:00" level=info msg="start application" func="main.start()" file="main.go : 59"
time="2022-10-02T17:16:01+03:00" level=info msg="server is listening address 0.0.0.0:1234" func="main.start()" file="main.go : 73"
time="2022-10-02T17:21:50+03:00" level=info msg="initializing .yml file" func="rest-api-test/internal/config.GetConfig.func1()" file="config.go : 44"
time="2022-10-02T17:21:50+03:00" level=info msg="initializing .env file" func="rest-api-test/internal/config.GetConfig.func1()" file="config.go : 50"
time="2022-10-02T17:21:50+03:00" level=info msg="create router" func="main.main()" file="main.go : 23"
time="2022-10-02T17:21:50+03:00" level=info msg="initializing new mongo client" func="main.main()" file="main.go : 33"
time="2022-10-02T17:21:51+03:00" level=info msg="initializing new user storage" func="main.main()" file="main.go : 40"
time="2022-10-02T17:21:51+03:00" level=info msg="initializing new user cache" func="main.main()" file="main.go : 43"
time="2022-10-02T17:21:51+03:00" level=info msg="initializing new user service" func="main.main()" file="main.go : 46"
time="2022-10-02T17:21:51+03:00" level=info msg="register new user handler" func="main.main()" file="main.go : 49"
time="2022-10-02T17:21:51+03:00" level=info msg="start application" func="main.start()" file="main.go : 59"
time="2022-10-02T17:21:51+03:00" level=info msg="server is listening address 0.0.0.0:1234" func="main.start()" file="main.go : 73"
time="2022-10-02T17:23:52+03:00" level=info msg="initializing .yml file" func="rest-api-test/internal/config.GetConfig.func1()" file="config.go : 44"
time="2022-10-02T17:23:52+03:00" level=info msg="initializing .env file" func="rest-api-test/internal/config.GetConfig.func1()" file="config.go : 50"
time="2022-10-02T17:23:52+03:00" level=info msg="create router" func="main.main()" file="main.go : 23"
time="2022-10-02T17:23:52+03:00" level=info msg="initializing new mongo client" func="main.main()" file="main.go : 33"
time="2022-10-02T17:23:53+03:00" level=info msg="initializing new user storage" func="main.main()" file="main.go : 40"
time="2022-10-02T17:23:53+03:00" level=info msg="initializing new user cache" func="main.main()" file="main.go : 43"
time="2022-10-02T17:23:53+03:00" level=info msg="initializing new user service" func="main.main()" file="main.go : 46"
time="2022-10-02T17:23:53+03:00" level=info msg="register new user handler" func="main.main()" file="main.go : 49"
time="2022-10-02T17:23:53+03:00" level=info msg="start application" func="main.start()" file="main.go : 59"
time="2022-10-02T17:23:53+03:00" level=info msg="server is listening address 0.0.0.0:1234" func="main.start()" file="main.go : 73"
time="2022-10-02T17:25:22+03:00" level=info msg="initializing .yml file" func="rest-api-test/internal/config.GetConfig.func1()" file="config.go : 44"
time="2022-10-02T17:25:22+03:00" level=info msg="initializing .env file" func="rest-api-test/internal/config.GetConfig.func1()" file="config.go : 50"
time="2022-10-02T17:25:22+03:00" level=info msg="create router" func="main.main()" file="main.go : 23"
time="2022-10-02T17:25:22+03:00" level=info msg="initializing new mongo client" func="main.main()" file="main.go : 33"
time="2022-10-02T17:25:24+03:00" level=info msg="initializing new user storage" func="main.main()" file="main.go : 40"
time="2022-10-02T17:25:24+03:00" level=info msg="initializing new user cache" func="main.main()" file="main.go : 43"
time="2022-10-02T17:25:24+03:00" level=info msg="initializing new user service" func="main.main()" file="main.go : 46"
time="2022-10-02T17:25:24+03:00" level=info msg="register new user handler" func="main.main()" file="main.go : 49"
time="2022-10-02T17:25:24+03:00" level=info msg="start application" func="main.start()" file="main.go : 59"
time="2022-10-02T17:25:24+03:00" level=info msg="server is listening address 0.0.0.0:1234" func="main.start()" file="main.go : 73"
time="2022-10-02T17:27:44+03:00" level=info msg="initializing .yml file" func="rest-api-test/internal/config.GetConfig.func1()" file="config.go : 44"
time="2022-10-02T17:27:44+03:00" level=info msg="initializing .env file" func="rest-api-test/internal/config.GetConfig.func1()" file="config.go : 50"
time="2022-10-02T17:27:44+03:00" level=info msg="create router" func="main.main()" file="main.go : 23"
time="2022-10-02T17:27:44+03:00" level=info msg="initializing new mongo client" func="main.main()" file="main.go : 33"
time="2022-10-02T17:27:45+03:00" level=info msg="initializing new user storage" func="main.main()" file="main.go : 40"
time="2022-10-02T17:27:45+03:00" level=info msg="initializing new user cache" func="main.main()" file="main.go : 43"
time="2022-10-02T17:27:45+03:00" level=info msg="initializing new user service" func="main.main()" file="main.go : 46"
time="2022-10-02T17:27:45+03:00" level=info msg="register new user handler" func="main.main()" file="main.go : 49"
time="2022-10-02T17:27:45+03:00" level=info msg="start application" func="main.start()" file="main.go : 59"
time="2022-10-02T17:27:45+03:00" level=info msg="server is listening address 0.0.0.0:1234" func="main.start()" file="main.go : 73"
time="2022-10-02T17:54:35+03:00" level=info msg="initializing .yml file" func="rest-api-test/internal/config.GetConfig.func1()" file="config.go : 44"
time="2022-10-02T17:54:35+03:00" level=info msg="initializing .env file" func="rest-api-test/internal/config.GetConfig.func1()" file="config.go : 50"
time="2022-10-02T17:54:35+03:00" level=info msg="create router" func="main.main()" file="main.go : 23"
time="2022-10-02T17:54:35+03:00" level=info msg="initializing new mongo client" func="main.main()" file="main.go : 33"
time="2022-10-02T17:54:36+03:00" level=info msg="initializing new user storage" func="main.main()" file="main.go : 40"
time="2022-10-02T17:54:36+03:00" level=info msg="initializing new user cache" func="main.main()" file="main.go : 43"
time="2022-10-02T17:54:36+03:00" level=info msg="initializing new user service" func="main.main()" file="main.go : 46"
time="2022-10-02T17:54:36+03:00" level=info msg="register new user handler" func="main.main()" file="main.go : 49"
time="2022-10-02T17:54:36+03:00" level=info msg="start application" func="main.start()" file="main.go : 59"
time="2022-10-02T17:54:36+03:00" level=info msg="server is listening address 0.0.0.0:1234" func="main.start()" file="main.go : 73"
time="2022-10-02T17:56:08+03:00" level=info msg="initializing .yml file" func="rest-api-test/internal/config.GetConfig.func1()" file="config.go : 44"
time="2022-10-02T17:56:08+03:00" level=info msg="initializing .env file" func="rest-api-test/internal/config.GetConfig.func1()" file="config.go : 50"
time="2022-10-02T17:56:08+03:00" level=info msg="create router" func="main.main()" file="main.go : 23"
time="2022-10-02T17:56:08+03:00" level=info msg="initializing new mongo client" func="main.main()" file="main.go : 33"
time="2022-10-02T17:56:10+03:00" level=info msg="initializing new user storage" func="main.main()" file="main.go : 40"
time="2022-10-02T17:56:10+03:00" level=info msg="initializing new user cache" func="main.main()" file="main.go : 43"
time="2022-10-02T17:56:10+03:00" level=info msg="initializing new user service" func="main.main()" file="main.go : 46"
time="2022-10-02T17:56:10+03:00" level=info msg="register new user handler" func="main.main()" file="main.go : 49"
time="2022-10-02T17:56:10+03:00" level=info msg="start application" func="main.start()" file="main.go : 59"
time="2022-10-02T17:56:10+03:00" level=info msg="server is listening address 0.0.0.0:1234" func="main.start()" file="main.go : 73"
time="2022-10-02T17:56:47+03:00" level=info msg="initializing .yml file" func="rest-api-test/internal/config.GetConfig.func1()" file="config.go : 44"
time="2022-10-02T17:56:47+03:00" level=info msg="initializing .env file" func="rest-api-test/internal/config.GetConfig.func1()" file="config.go : 50"
time="2022-10-02T17:56:47+03:00" level=info msg="create router" func="main.main()" file="main.go : 23"
time="2022-10-02T17:56:47+03:00" level=info msg="initializing new mongo client" func="main.main()" file="main.go : 33"
time="2022-10-02T17:56:47+03:00" level=info msg="initializing new user storage" func="main.main()" file="main.go : 40"
time="2022-10-02T17:56:47+03:00" level=info msg="initializing new user cache" func="main.main()" file="main.go : 43"
time="2022-10-02T17:56:47+03:00" level=info msg="initializing new user service" func="main.main()" file="main.go : 46"
time="2022-10-02T17:56:47+03:00" level=info msg="register new user handler" func="main.main()" file="main.go : 49"
time="2022-10-02T17:56:47+03:00" level=info msg="start application" func="main.start()" file="main.go : 59"
time="2022-10-02T17:56:47+03:00" level=info msg="server is listening address 0.0.0.0:1234" func="main.start()" file="main.go : 73"
time="2022-10-02T17:58:17+03:00" level=info msg="initializing .yml file" func="rest-api-test/internal/config.GetConfig.func1()" file="config.go : 44"
time="2022-10-02T17:58:17+03:00" level=info msg="initializing .env file" func="rest-api-test/internal/config.GetConfig.func1()" file="config.go : 50"
time="2022-10-02T17:58:17+03:00" level=info msg="create router" func="main.main()" file="main.go : 23"
time="2022-10-02T17:58:17+03:00" level=info msg="initializing new mongo client" func="main.main()" file="main.go : 33"
time="2022-10-02T17:58:18+03:00" level=info msg="initializing new user storage" func="main.main()" file="main.go : 40"
time="2022-10-02T17:58:18+03:00" level=info msg="initializing new user cache" func="main.main()" file="main.go : 43"
time="2022-10-02T17:58:18+03:00" level=info msg="initializing new user service" func="main.main()" file="main.go : 46"
time="2022-10-02T17:58:18+03:00" level=info msg="register new user handler" func="main.main()" file="main.go : 49"
time="2022-10-02T17:58:18+03:00" level=info msg="start application" func="main.start()" file="main.go : 59"
time="2022-10-02T17:58:18+03:00" level=info msg="server is listening address 0.0.0.0:1234" func="main.start()" file="main.go : 73"
time="2022-10-02T17:58:49+03:00" level=info msg="initializing .yml file" func="rest-api-test/internal/config.GetConfig.func1()" file="config.go : 44"
time="2022-10-02T17:58:49+03:00" level=info msg="initializing .env file" func="rest-api-test/internal/config.GetConfig.func1()" file="config.go : 50"
time="2022-10-02T17:58:49+03:00" level=info msg="create router" func="main.main()" file="main.go : 23"
time="2022-10-02T17:58:49+03:00" level=info msg="initializing new mongo client" func="main.main()" file="main.go : 33"
time="2022-10-02T17:58:51+03:00" level=info msg="initializing new user storage" func="main.main()" file="main.go : 40"
time="2022-10-02T17:58:51+03:00" level=info msg="initializing new user cache" func="main.main()" file="main.go : 43"
time="2022-10-02T17:58:51+03:00" level=info msg="initializing new user service" func="main.main()" file="main.go : 46"
time="2022-10-02T17:58:51+03:00" level=info msg="register new user handler" func="main.main()" file="main.go : 49"
time="2022-10-02T17:58:51+03:00" level=info msg="start application" func="main.start()" file="main.go : 59"
time="2022-10-02T17:58:51+03:00" level=info msg="server is listening address 0.0.0.0:1234" func="main.start()" file="main.go : 73"
time="2022-10-02T17:59:40+03:00" level=info msg="initializing .yml file" func="rest-api-test/internal/config.GetConfig.func1()" file="config.go : 44"
time="2022-10-02T17:59:40+03:00" level=info msg="initializing .env file" func="rest-api-test/internal/config.GetConfig.func1()" file="config.go : 50"
time="2022-10-02T17:59:40+03:00" level=info msg="create router" func="main.main()" file="main.go : 23"
time="2022-10-02T17:59:40+03:00" level=info msg="initializing new mongo client" func="main.main()" file="main.go : 33"
time="2022-10-02T17:59:40+03:00" level=info msg="initializing new user storage" func="main.main()" file="main.go : 40"
time="2022-10-02T17:59:40+03:00" level=info msg="initializing new user cache" func="main.main()" file="main.go : 43"
time="2022-10-02T17:59:40+03:00" level=info msg="initializing new user service" func="main.main()" file="main.go : 46"
time="2022-10-02T17:59:40+03:00" level=info msg="register new user handler" func="main.main()" file="main.go : 49"
time="2022-10-02T17:59:40+03:00" level=info msg="start application" func="main.start()" file="main.go : 59"
time="2022-10-02T17:59:40+03:00" level=info msg="server is listening address 0.0.0.0:1234" func="main.start()" file="main.go : 73"
time="2022-10-02T18:07:09+03:00" level=info msg="initializing .yml file" func="rest-api-test/internal/config.GetConfig.func1()" file="config.go : 44"
time="2022-10-02T18:07:09+03:00" level=info msg="initializing .env file" func="rest-api-test/internal/config.GetConfig.func1()" file="config.go : 50"
time="2022-10-02T18:07:09+03:00" level=info msg="create router" func="main.main()" file="main.go : 23"
time="2022-10-02T18:07:09+03:00" level=info msg="initializing new mongo client" func="main.main()" file="main.go : 33"
time="2022-10-02T18:07:11+03:00" level=info msg="initializing new user storage" func="main.main()" file="main.go : 40"
time="2022-10-02T18:07:11+03:00" level=info msg="initializing new user cache" func="main.main()" file="main.go : 43"
time="2022-10-02T18:07:11+03:00" level=info msg="initializing new user service" func="main.main()" file="main.go : 46"
time="2022-10-02T18:07:11+03:00" level=info msg="register new user handler" func="main.main()" file="main.go : 49"
time="2022-10-02T18:07:11+03:00" level=info msg="start application" func="main.start()" file="main.go : 59"
time="2022-10-02T18:07:11+03:00" level=info msg="server is listening address 0.0.0.0:1234" func="main.start()" file="main.go : 73"
time="2022-10-02T18:08:23+03:00" level=info msg="initializing .yml file" func="rest-api-test/internal/config.GetConfig.func1()" file="config.go : 44"
time="2022-10-02T18:08:23+03:00" level=info msg="initializing .env file" func="rest-api-test/internal/config.GetConfig.func1()" file="config.go : 50"
time="2022-10-02T18:08:23+03:00" level=info msg="create router" func="main.main()" file="main.go : 23"
time="2022-10-02T18:08:23+03:00" level=info msg="initializing new mongo client" func="main.main()" file="main.go : 33"
time="2022-10-02T18:08:23+03:00" level=info msg="initializing new user storage" func="main.main()" file="main.go : 40"
time="2022-10-02T18:08:23+03:00" level=info msg="initializing new user cache" func="main.main()" file="main.go : 43"
time="2022-10-02T18:08:23+03:00" level=info msg="initializing new user service" func="main.main()" file="main.go : 46"
time="2022-10-02T18:08:23+03:00" level=info msg="register new user handler" func="main.main()" file="main.go : 49"
time="2022-10-02T18:08:23+03:00" level=info msg="start application" func="main.start()" file="main.go : 59"
time="2022-10-02T18:08:23+03:00" level=info msg="server is listening address 0.0.0.0:1234" func="main.start()" file="main.go : 73"
time="2022-10-02T18:14:47+03:00" level=info msg="initializing .yml file" func="rest-api-test/internal/config.GetConfig.func1()" file="config.go : 44"
time="2022-10-02T18:14:47+03:00" level=info msg="initializing .env file" func="rest-api-test/internal/config.GetConfig.func1()" file="config.go : 50"
time="2022-10-02T18:14:47+03:00" level=info msg="create router" func="main.main()" file="main.go : 23"
time="2022-10-02T18:14:47+03:00" level=info msg="initializing new mongo client" func="main.main()" file="main.go : 33"
time="2022-10-02T18:14:48+03:00" level=info msg="initializing new user storage" func="main.main()" file="main.go : 40"
time="2022-10-02T18:14:48+03:00" level=info msg="initializing new user cache" func="main.main()" file="main.go : 43"
time="2022-10-02T18:14:48+03:00" level=info msg="initializing new user service" func="main.main()" file="main.go : 46"
time="2022-10-02T18:14:48+03:00" level=info msg="register new user handler" func="main.main()" file="main.go : 49"
time="2022-10-02T18:14:48+03:00" level=info msg="start application" func="main.start()" file="main.go : 59"
time="2022-10-02T18:14:48+03:00" level=info msg="server is listening address 0.0.0.0:1234" func="main.start()" file="main.go : 73"
